<?xml version="1.0" encoding="UTF-8"?>
<robot generator="Robot 3.2.2 (Python 3.8.0 on win32)" generated="20220427 02:08:35.296" rpa="false">
<suite id="s1" name="TestCodeW3Shool" source="C:\Users\GO\eclipse-workspace\TestCodeW3Shool">
<suite id="s1-s1" name="TestSuite" source="C:\Users\GO\eclipse-workspace\TestCodeW3Shool\TestSuite">
<suite id="s1-s1-s1" name="TestScrollAndSearch" source="C:\Users\GO\eclipse-workspace\TestCodeW3Shool\TestSuite\TestScrollAndSearch.robot">
<test id="s1-s1-s1-t1" name="TestScrollAndSearch">
<kw name="Open Browser" library="SeleniumLibrary">
<doc>Opens a new browser instance to the optional ``url``.</doc>
<arguments>
<arg>https://www.w3schools.com</arg>
<arg>chrome</arg>
</arguments>
<msg timestamp="20220427 02:08:35.530" level="INFO">Opening browser 'chrome' to base url 'https://www.w3schools.com'.</msg>
<status status="PASS" starttime="20220427 02:08:35.529" endtime="20220427 02:08:37.980"></status>
</kw>
<kw name="Set Selenium Implicit Wait" library="SeleniumLibrary">
<doc>Sets the implicit wait value used by Selenium.</doc>
<arguments>
<arg>5</arg>
</arguments>
<status status="PASS" starttime="20220427 02:08:37.980" endtime="20220427 02:08:37.982"></status>
</kw>
<kw name="Sleep" library="BuiltIn">
<doc>Pauses the test executed for the given time.</doc>
<arguments>
<arg>2</arg>
</arguments>
<msg timestamp="20220427 02:08:39.989" level="INFO">Slept 2 seconds</msg>
<status status="PASS" starttime="20220427 02:08:37.982" endtime="20220427 02:08:39.989"></status>
</kw>
<kw name="Scroll Element Into View" library="SeleniumLibrary">
<doc>Scrolls the element identified by ``locator`` into view.</doc>
<arguments>
<arg>xpath://*[@id="howto_padding"]/a</arg>
</arguments>
<status status="PASS" starttime="20220427 02:08:39.989" endtime="20220427 02:08:45.298"></status>
</kw>
<kw name="Sleep" library="BuiltIn">
<doc>Pauses the test executed for the given time.</doc>
<arguments>
<arg>6</arg>
</arguments>
<msg timestamp="20220427 02:08:51.311" level="INFO">Slept 6 seconds</msg>
<status status="PASS" starttime="20220427 02:08:45.299" endtime="20220427 02:08:51.311"></status>
</kw>
<kw name="Click Element" library="SeleniumLibrary">
<doc>Click the element identified by ``locator``.</doc>
<arguments>
<arg>//*[@id="howto_padding"]/a</arg>
</arguments>
<msg timestamp="20220427 02:08:51.313" level="INFO">Clicking element '//*[@id="howto_padding"]/a'.</msg>
<status status="PASS" starttime="20220427 02:08:51.311" endtime="20220427 02:08:52.506"></status>
</kw>
<kw name="Sleep" library="BuiltIn">
<doc>Pauses the test executed for the given time.</doc>
<arguments>
<arg>3</arg>
</arguments>
<msg timestamp="20220427 02:08:55.512" level="INFO">Slept 3 seconds</msg>
<status status="PASS" starttime="20220427 02:08:52.507" endtime="20220427 02:08:55.513"></status>
</kw>
<kw name="Click Element" library="SeleniumLibrary">
<doc>Click the element identified by ``locator``.</doc>
<arguments>
<arg>//*[@id="topnav"]/div/div[1]/a[19]</arg>
</arguments>
<msg timestamp="20220427 02:08:55.516" level="INFO">Clicking element '//*[@id="topnav"]/div/div[1]/a[19]'.</msg>
<status status="PASS" starttime="20220427 02:08:55.514" endtime="20220427 02:08:55.987"></status>
</kw>
<kw name="Sleep" library="BuiltIn">
<doc>Pauses the test executed for the given time.</doc>
<arguments>
<arg>2</arg>
</arguments>
<msg timestamp="20220427 02:08:57.996" level="INFO">Slept 2 seconds</msg>
<status status="PASS" starttime="20220427 02:08:55.988" endtime="20220427 02:08:57.997"></status>
</kw>
<kw name="Input Text" library="SeleniumLibrary">
<doc>Types the given ``text`` into the text field identified by ``locator``.</doc>
<arguments>
<arg>//*[@id="gsc-i-id1"]</arg>
<arg>google</arg>
</arguments>
<msg timestamp="20220427 02:08:58.000" level="INFO">Typing text 'google' into text field '//*[@id="gsc-i-id1"]'.</msg>
<status status="PASS" starttime="20220427 02:08:57.998" endtime="20220427 02:08:59.282"></status>
</kw>
<kw name="Sleep" library="BuiltIn">
<doc>Pauses the test executed for the given time.</doc>
<arguments>
<arg>2</arg>
</arguments>
<msg timestamp="20220427 02:09:01.285" level="INFO">Slept 2 seconds</msg>
<status status="PASS" starttime="20220427 02:08:59.282" endtime="20220427 02:09:01.285"></status>
</kw>
<kw name="Click Element" library="SeleniumLibrary">
<doc>Click the element identified by ``locator``.</doc>
<arguments>
<arg>//*[@id="___gcse_0"]/div/div/form/table/tbody/tr/td[2]/button</arg>
</arguments>
<msg timestamp="20220427 02:09:01.287" level="INFO">Clicking element '//*[@id="___gcse_0"]/div/div/form/table/tbody/tr/td[2]/button'.</msg>
<status status="PASS" starttime="20220427 02:09:01.286" endtime="20220427 02:09:01.375"></status>
</kw>
<kw name="Sleep" library="BuiltIn">
<doc>Pauses the test executed for the given time.</doc>
<arguments>
<arg>2</arg>
</arguments>
<msg timestamp="20220427 02:09:03.386" level="INFO">Slept 2 seconds</msg>
<status status="PASS" starttime="20220427 02:09:01.375" endtime="20220427 02:09:03.386"></status>
</kw>
<kw name="Close Browser" library="SeleniumLibrary">
<doc>Closes the current browser.</doc>
<status status="PASS" starttime="20220427 02:09:03.387" endtime="20220427 02:09:05.563"></status>
</kw>
<kw name="Log" library="BuiltIn">
<doc>Logs the given message with the given level.</doc>
<arguments>
<arg>Test Completed</arg>
</arguments>
<msg timestamp="20220427 02:09:05.564" level="INFO">Test Completed</msg>
<status status="PASS" starttime="20220427 02:09:05.563" endtime="20220427 02:09:05.564"></status>
</kw>
<status status="PASS" starttime="20220427 02:08:35.529" endtime="20220427 02:09:05.565" critical="yes"></status>
</test>
<status status="PASS" starttime="20220427 02:08:35.353" endtime="20220427 02:09:05.566"></status>
</suite>
<status status="PASS" starttime="20220427 02:08:35.351" endtime="20220427 02:09:05.568"></status>
</suite>
<status status="PASS" starttime="20220427 02:08:35.328" endtime="20220427 02:09:05.569"></status>
</suite>
<statistics>
<total>
<stat pass="1" fail="0">Critical Tests</stat>
<stat pass="1" fail="0">All Tests</stat>
</total>
<tag>
</tag>
<suite>
<stat pass="1" fail="0" id="s1" name="TestCodeW3Shool">TestCodeW3Shool</stat>
<stat pass="1" fail="0" id="s1-s1" name="TestSuite">TestCodeW3Shool.TestSuite</stat>
<stat pass="1" fail="0" id="s1-s1-s1" name="TestScrollAndSearch">TestCodeW3Shool.TestSuite.TestScrollAndSearch</stat>
</suite>
</statistics>
<errors>
</errors>
</robot>
